CRITICAL - 2021-03-13 06:26:59 --> Call to undefined method CodeIgniter\View\View::session()
#0 C:\xampp\htdocs\iclass\vendor\codeigniter4\framework\system\View\View.php(220): include()
#1 C:\xampp\htdocs\iclass\vendor\codeigniter4\framework\system\View\View.php(222): CodeIgniter\View\View->CodeIgniter\View\{closure}()
#2 C:\xampp\htdocs\iclass\vendor\codeigniter4\framework\system\Common.php(1217): CodeIgniter\View\View->render('landingpage/ind...', Array, true)
#3 C:\xampp\htdocs\iclass\app\Controllers\Landingpage.php(9): view('landingpage/ind...')
#4 C:\xampp\htdocs\iclass\vendor\codeigniter4\framework\system\CodeIgniter.php(936): App\Controllers\Landingpage->index()
#5 C:\xampp\htdocs\iclass\vendor\codeigniter4\framework\system\CodeIgniter.php(432): CodeIgniter\CodeIgniter->runController(Object(App\Controllers\Landingpage))
#6 C:\xampp\htdocs\iclass\vendor\codeigniter4\framework\system\CodeIgniter.php(333): CodeIgniter\CodeIgniter->handleRequest(NULL, Object(Config\Cache), false)
#7 C:\xampp\htdocs\iclass\public\index.php(44): CodeIgniter\CodeIgniter->run()
#8 C:\xampp\htdocs\iclass\vendor\codeigniter4\framework\system\Commands\Server\rewrite.php(45): require_once('C:\\xampp\\htdocs...')
#9 {main}
CRITICAL - 2021-03-13 06:27:03 --> Call to undefined method CodeIgniter\View\View::session()
#0 C:\xampp\htdocs\iclass\vendor\codeigniter4\framework\system\View\View.php(220): include()
#1 C:\xampp\htdocs\iclass\vendor\codeigniter4\framework\system\View\View.php(222): CodeIgniter\View\View->CodeIgniter\View\{closure}()
#2 C:\xampp\htdocs\iclass\vendor\codeigniter4\framework\system\Common.php(1217): CodeIgniter\View\View->render('landingpage/ind...', Array, true)
#3 C:\xampp\htdocs\iclass\app\Controllers\Landingpage.php(9): view('landingpage/ind...')
#4 C:\xampp\htdocs\iclass\vendor\codeigniter4\framework\system\CodeIgniter.php(936): App\Controllers\Landingpage->index()
#5 C:\xampp\htdocs\iclass\vendor\codeigniter4\framework\system\CodeIgniter.php(432): CodeIgniter\CodeIgniter->runController(Object(App\Controllers\Landingpage))
#6 C:\xampp\htdocs\iclass\vendor\codeigniter4\framework\system\CodeIgniter.php(333): CodeIgniter\CodeIgniter->handleRequest(NULL, Object(Config\Cache), false)
#7 C:\xampp\htdocs\iclass\public\index.php(44): CodeIgniter\CodeIgniter->run()
#8 C:\xampp\htdocs\iclass\vendor\codeigniter4\framework\system\Commands\Server\rewrite.php(45): require_once('C:\\xampp\\htdocs...')
#9 {main}
CRITICAL - 2021-03-13 06:27:35 --> Call to undefined method CodeIgniter\View\View::session()
#0 C:\xampp\htdocs\iclass\vendor\codeigniter4\framework\system\View\View.php(220): include()
#1 C:\xampp\htdocs\iclass\vendor\codeigniter4\framework\system\View\View.php(222): CodeIgniter\View\View->CodeIgniter\View\{closure}()
#2 C:\xampp\htdocs\iclass\vendor\codeigniter4\framework\system\Common.php(1217): CodeIgniter\View\View->render('landingpage/ind...', Array, true)
#3 C:\xampp\htdocs\iclass\app\Controllers\Landingpage.php(9): view('landingpage/ind...')
#4 C:\xampp\htdocs\iclass\vendor\codeigniter4\framework\system\CodeIgniter.php(936): App\Controllers\Landingpage->index()
#5 C:\xampp\htdocs\iclass\vendor\codeigniter4\framework\system\CodeIgniter.php(432): CodeIgniter\CodeIgniter->runController(Object(App\Controllers\Landingpage))
#6 C:\xampp\htdocs\iclass\vendor\codeigniter4\framework\system\CodeIgniter.php(333): CodeIgniter\CodeIgniter->handleRequest(NULL, Object(Config\Cache), false)
#7 C:\xampp\htdocs\iclass\public\index.php(44): CodeIgniter\CodeIgniter->run()
#8 C:\xampp\htdocs\iclass\vendor\codeigniter4\framework\system\Commands\Server\rewrite.php(45): require_once('C:\\xampp\\htdocs...')
#9 {main}
