CRITICAL - 2021-03-15 03:26:10 --> Call to undefined function CodeIgniter\locale_set_default()
#0 C:\xampp\htdocs\file\bimbel\iclass\vendor\codeigniter4\framework\system\bootstrap.php(159): CodeIgniter\CodeIgniter->initialize()
#1 C:\xampp\htdocs\file\bimbel\public_html\index.php(35): require('C:\\xampp\\htdocs...')
#2 {main}
CRITICAL - 2021-03-15 03:27:07 --> Call to undefined function CodeIgniter\locale_set_default()
#0 C:\xampp\htdocs\bimbel\iclass\vendor\codeigniter4\framework\system\bootstrap.php(159): CodeIgniter\CodeIgniter->initialize()
#1 C:\xampp\htdocs\bimbel\public_html\index.php(35): require('C:\\xampp\\htdocs...')
#2 {main}
CRITICAL - 2021-03-15 03:30:34 --> Call to undefined function CodeIgniter\locale_set_default()
#0 C:\xampp\htdocs\bimbel\iclass\vendor\codeigniter4\framework\system\bootstrap.php(159): CodeIgniter\CodeIgniter->initialize()
#1 C:\xampp\htdocs\bimbel\public_html\index.php(35): require('C:\\xampp\\htdocs...')
#2 {main}
CRITICAL - 2021-03-15 03:31:12 --> Call to undefined function CodeIgniter\locale_set_default()
#0 C:\xampp\htdocs\bimbel\iclass\vendor\codeigniter4\framework\system\bootstrap.php(159): CodeIgniter\CodeIgniter->initialize()
#1 C:\xampp\htdocs\bimbel\public_html\index.php(35): require('C:\\xampp\\htdocs...')
#2 {main}
CRITICAL - 2021-03-15 03:10:01 --> Cannot use isset() on the result of an expression (you can use "null !== expression" instead)
#0 [internal function]: CodeIgniter\Debug\Exceptions->shutdownHandler()
#1 {main}
CRITICAL - 2021-03-15 03:41:15 --> Undefined offset: 0
#0 C:\xampp\htdocs\bimbel\iclass\app\Controllers\Auth.php(22): CodeIgniter\Debug\Exceptions->errorHandler(8, 'Undefined offse...', 'C:\\xampp\\htdocs...', 22, Array)
#1 C:\xampp\htdocs\bimbel\iclass\vendor\codeigniter4\framework\system\CodeIgniter.php(936): App\Controllers\Auth->masuk()
#2 C:\xampp\htdocs\bimbel\iclass\vendor\codeigniter4\framework\system\CodeIgniter.php(432): CodeIgniter\CodeIgniter->runController(Object(App\Controllers\Auth))
#3 C:\xampp\htdocs\bimbel\iclass\vendor\codeigniter4\framework\system\CodeIgniter.php(333): CodeIgniter\CodeIgniter->handleRequest(NULL, Object(Config\Cache), false)
#4 C:\xampp\htdocs\bimbel\public_html\index.php(44): CodeIgniter\CodeIgniter->run()
#5 {main}
CRITICAL - 2021-03-15 03:44:46 --> password_verify() expects exactly 2 parameters, 3 given
#0 [internal function]: CodeIgniter\Debug\Exceptions->errorHandler(2, 'password_verify...', 'C:\\xampp\\htdocs...', 24, Array)
#1 C:\xampp\htdocs\bimbel\iclass\app\Controllers\Auth.php(24): password_verify('', '$2y$10$rNDz5FoL...', '2y')
#2 C:\xampp\htdocs\bimbel\iclass\vendor\codeigniter4\framework\system\CodeIgniter.php(936): App\Controllers\Auth->masuk()
#3 C:\xampp\htdocs\bimbel\iclass\vendor\codeigniter4\framework\system\CodeIgniter.php(432): CodeIgniter\CodeIgniter->runController(Object(App\Controllers\Auth))
#4 C:\xampp\htdocs\bimbel\iclass\vendor\codeigniter4\framework\system\CodeIgniter.php(333): CodeIgniter\CodeIgniter->handleRequest(NULL, Object(Config\Cache), false)
#5 C:\xampp\htdocs\bimbel\public_html\index.php(44): CodeIgniter\CodeIgniter->run()
#6 {main}
CRITICAL - 2021-03-15 04:31:05 --> Undefined variable: session
#0 C:\xampp\htdocs\bimbel\iclass\app\Controllers\Auth.php(16): CodeIgniter\Debug\Exceptions->errorHandler(8, 'Undefined varia...', 'C:\\xampp\\htdocs...', 16, Array)
#1 C:\xampp\htdocs\bimbel\iclass\vendor\codeigniter4\framework\system\CodeIgniter.php(936): App\Controllers\Auth->masuk()
#2 C:\xampp\htdocs\bimbel\iclass\vendor\codeigniter4\framework\system\CodeIgniter.php(432): CodeIgniter\CodeIgniter->runController(Object(App\Controllers\Auth))
#3 C:\xampp\htdocs\bimbel\iclass\vendor\codeigniter4\framework\system\CodeIgniter.php(333): CodeIgniter\CodeIgniter->handleRequest(NULL, Object(Config\Cache), false)
#4 C:\xampp\htdocs\bimbel\public_html\index.php(44): CodeIgniter\CodeIgniter->run()
#5 {main}
CRITICAL - 2021-03-15 04:39:38 --> App\Controllers\Auth must implement CodeIgniter\Filters\FilterInterface.
#0 C:\xampp\htdocs\bimbel\iclass\vendor\codeigniter4\framework\system\Filters\Filters.php(176): CodeIgniter\Filters\Exceptions\FilterException::forIncorrectInterface('App\\Controllers...')
#1 C:\xampp\htdocs\bimbel\iclass\vendor\codeigniter4\framework\system\CodeIgniter.php(403): CodeIgniter\Filters\Filters->run('peserta', 'before')
#2 C:\xampp\htdocs\bimbel\iclass\vendor\codeigniter4\framework\system\CodeIgniter.php(333): CodeIgniter\CodeIgniter->handleRequest(NULL, Object(Config\Cache), false)
#3 C:\xampp\htdocs\bimbel\public_html\index.php(44): CodeIgniter\CodeIgniter->run()
#4 {main}
