CRITICAL - 2021-03-16 03:11:17 --> Class 'App\Filter\AuthFilter' not found
#0 C:\xampp\htdocs\bimbel\iclass\vendor\codeigniter4\framework\system\CodeIgniter.php(403): CodeIgniter\Filters\Filters->run('/', 'before')
#1 C:\xampp\htdocs\bimbel\iclass\vendor\codeigniter4\framework\system\CodeIgniter.php(333): CodeIgniter\CodeIgniter->handleRequest(NULL, Object(Config\Cache), false)
#2 C:\xampp\htdocs\bimbel\public_html\index.php(44): CodeIgniter\CodeIgniter->run()
#3 {main}
CRITICAL - 2021-03-16 03:11:31 --> Class 'Config\App\Filter\AuthFilter' not found
#0 C:\xampp\htdocs\bimbel\iclass\vendor\codeigniter4\framework\system\CodeIgniter.php(403): CodeIgniter\Filters\Filters->run('/', 'before')
#1 C:\xampp\htdocs\bimbel\iclass\vendor\codeigniter4\framework\system\CodeIgniter.php(333): CodeIgniter\CodeIgniter->handleRequest(NULL, Object(Config\Cache), false)
#2 C:\xampp\htdocs\bimbel\public_html\index.php(44): CodeIgniter\CodeIgniter->run()
#3 {main}
CRITICAL - 2021-03-16 03:31:35 --> syntax error, unexpected ''landingpage'' (T_CONSTANT_ENCAPSED_STRING), expecting ']'
#0 C:\xampp\htdocs\bimbel\iclass\vendor\codeigniter4\framework\system\Autoloader\Autoloader.php(265): CodeIgniter\Autoloader\Autoloader->includeFile('C:\\xampp\\htdocs...')
#1 C:\xampp\htdocs\bimbel\iclass\vendor\codeigniter4\framework\system\Autoloader\Autoloader.php(228): CodeIgniter\Autoloader\Autoloader->loadInNamespace('Config\\Filters')
#2 [internal function]: CodeIgniter\Autoloader\Autoloader->loadClass('Config\\Filters')
#3 [internal function]: spl_autoload_call('Config\\Filters')
#4 C:\xampp\htdocs\bimbel\iclass\vendor\codeigniter4\framework\system\Config\Factories.php(144): class_exists('Config\\Filters')
#5 C:\xampp\htdocs\bimbel\iclass\vendor\codeigniter4\framework\system\Config\Factories.php(109): CodeIgniter\Config\Factories::locateClass(Array, 'Filters')
#6 C:\xampp\htdocs\bimbel\iclass\vendor\codeigniter4\framework\system\Common.php(225): CodeIgniter\Config\Factories::__callStatic('config', Array)
#7 C:\xampp\htdocs\bimbel\iclass\vendor\codeigniter4\framework\system\Config\Services.php(283): config('Filters')
#8 C:\xampp\htdocs\bimbel\iclass\vendor\codeigniter4\framework\system\Config\BaseService.php(100): CodeIgniter\Config\Services::filters(NULL, false)
#9 C:\xampp\htdocs\bimbel\iclass\vendor\codeigniter4\framework\system\Config\Services.php(280): CodeIgniter\Config\BaseService::getSharedInstance('filters', NULL)
#10 C:\xampp\htdocs\bimbel\iclass\vendor\codeigniter4\framework\system\Config\BaseService.php(171): CodeIgniter\Config\Services::filters()
#11 C:\xampp\htdocs\bimbel\iclass\vendor\codeigniter4\framework\system\CodeIgniter.php(388): CodeIgniter\Config\BaseService::__callStatic('filters', Array)
#12 C:\xampp\htdocs\bimbel\iclass\vendor\codeigniter4\framework\system\CodeIgniter.php(333): CodeIgniter\CodeIgniter->handleRequest(NULL, Object(Config\Cache), false)
#13 C:\xampp\htdocs\bimbel\public_html\index.php(44): CodeIgniter\CodeIgniter->run()
#14 {main}
